The system is: Linux - 4.18.0-553.22.1.el8_10.x86_64 - x86_64
Compiling the C compiler identification source file "CMakeCCompilerId.c" succeeded.
Compiler: /home/tool/gcc/gcc-9.3.0/bin/x86_64-pc-linux-gnu-gcc 
Build flags: 
Id flags:  

The output was:
0


Compilation of the C compiler identification source "CMakeCCompilerId.c" produced "a.out"

The C compiler identification is GNU, found in "/home/fetzfs_projects/OpenROAD/chiplet/ChipletPart-FP/build/CMakeFiles/3.16.2/CompilerIdC/a.out"

Compiling the CXX compiler identification source file "CMakeCXXCompilerId.cpp" succeeded.
Compiler: /home/tool/gcc/gcc-9.3.0/bin/x86_64-pc-linux-gnu-g++ 
Build flags: 
Id flags:  

The output was:
0


Compilation of the CXX compiler identification source "CMakeCXXCompilerId.cpp" produced "a.out"

The CXX compiler identification is GNU, found in "/home/fetzfs_projects/OpenROAD/chiplet/ChipletPart-FP/build/CMakeFiles/3.16.2/CompilerIdCXX/a.out"

Determining if the C compiler works passed with the following output:
Change Dir: /home/fetzfs_projects/OpenROAD/chiplet/ChipletPart-FP/build/CMakeFiles/CMakeTmp

Run Build Command(s):/usr/bin/gmake cmTC_65d94/fast && /usr/bin/gmake -f CMakeFiles/cmTC_65d94.dir/build.make CMakeFiles/cmTC_65d94.dir/build
gmake[1]: Entering directory '/home/fetzfs_projects/OpenROAD/chiplet/ChipletPart-FP/build/CMakeFiles/CMakeTmp'
Building C object CMakeFiles/cmTC_65d94.dir/testCCompiler.c.o
/home/tool/gcc/gcc-9.3.0/bin/x86_64-pc-linux-gnu-gcc    -o CMakeFiles/cmTC_65d94.dir/testCCompiler.c.o   -c /home/fetzfs_projects/OpenROAD/chiplet/ChipletPart-FP/build/CMakeFiles/CMakeTmp/testCCompiler.c
Linking C executable cmTC_65d94
/home/tool/cmake/cmake-3.16.2/bin/cmake -E cmake_link_script CMakeFiles/cmTC_65d94.dir/link.txt --verbose=1
/home/tool/gcc/gcc-9.3.0/bin/x86_64-pc-linux-gnu-gcc      CMakeFiles/cmTC_65d94.dir/testCCompiler.c.o  -o cmTC_65d94 
gmake[1]: Leaving directory '/home/fetzfs_projects/OpenROAD/chiplet/ChipletPart-FP/build/CMakeFiles/CMakeTmp'



Detecting C compiler ABI info compiled with the following output:
Change Dir: /home/fetzfs_projects/OpenROAD/chiplet/ChipletPart-FP/build/CMakeFiles/CMakeTmp

Run Build Command(s):/usr/bin/gmake cmTC_026f5/fast && /usr/bin/gmake -f CMakeFiles/cmTC_026f5.dir/build.make CMakeFiles/cmTC_026f5.dir/build
gmake[1]: Entering directory '/home/fetzfs_projects/OpenROAD/chiplet/ChipletPart-FP/build/CMakeFiles/CMakeTmp'
Building C object CMakeFiles/cmTC_026f5.dir/CMakeCCompilerABI.c.o
/home/tool/gcc/gcc-9.3.0/bin/x86_64-pc-linux-gnu-gcc   -v -o CMakeFiles/cmTC_026f5.dir/CMakeCCompilerABI.c.o   -c /home/tool/cmake/cmake-3.16.2/share/cmake-3.16/Modules/CMakeCCompilerABI.c
Using built-in specs.
COLLECT_GCC=/home/tool/gcc/gcc-9.3.0/bin/x86_64-pc-linux-gnu-gcc
Target: x86_64-pc-linux-gnu
Configured with: ../gcc-9.3.0/configure --prefix=/home/tool/gcc/gcc-9.3.0
Thread model: posix
gcc version 9.3.0 (GCC) 
COLLECT_GCC_OPTIONS='-v' '-o' 'CMakeFiles/cmTC_026f5.dir/CMakeCCompilerABI.c.o' '-c' '-mtune=generic' '-march=x86-64'
 /home/tool/gcc/gcc-9.3.0/libexec/gcc/x86_64-pc-linux-gnu/9.3.0/cc1 -quiet -v /home/tool/cmake/cmake-3.16.2/share/cmake-3.16/Modules/CMakeCCompilerABI.c -quiet -dumpbase CMakeCCompilerABI.c -mtune=generic -march=x86-64 -auxbase-strip CMakeFiles/cmTC_026f5.dir/CMakeCCompilerABI.c.o -version -o /tmp/ccA2gwBg.s
GNU C17 (GCC) version 9.3.0 (x86_64-pc-linux-gnu)
	compiled by GNU C version 9.3.0, GMP version 6.1.0, MPFR version 3.1.4, MPC version 1.0.3, isl version isl-0.18-GMP

GGC heuristics: --param ggc-min-expand=100 --param ggc-min-heapsize=131072
ignoring nonexistent directory "/home/tool/gcc/gcc-9.3.0/lib/gcc/x86_64-pc-linux-gnu/9.3.0/../../../../x86_64-pc-linux-gnu/include"
#include "..." search starts here:
#include <...> search starts here:
 /home/tool/tcl/tcl8.6.6/include
 /home/tool/gcc/gcc-9.3.0/lib/gcc/x86_64-pc-linux-gnu/9.3.0/include
 /usr/local/include
 /home/tool/gcc/gcc-9.3.0/include
 /home/tool/gcc/gcc-9.3.0/lib/gcc/x86_64-pc-linux-gnu/9.3.0/include-fixed
 /usr/include
End of search list.
GNU C17 (GCC) version 9.3.0 (x86_64-pc-linux-gnu)
	compiled by GNU C version 9.3.0, GMP version 6.1.0, MPFR version 3.1.4, MPC version 1.0.3, isl version isl-0.18-GMP

GGC heuristics: --param ggc-min-expand=100 --param ggc-min-heapsize=131072
Compiler executable checksum: 2a1dc21a8f6b5cc82f9759ab894b38f9
COLLECT_GCC_OPTIONS='-v' '-o' 'CMakeFiles/cmTC_026f5.dir/CMakeCCompilerABI.c.o' '-c' '-mtune=generic' '-march=x86-64'
 as -v --64 -o CMakeFiles/cmTC_026f5.dir/CMakeCCompilerABI.c.o /tmp/ccA2gwBg.s
GNU assembler version 2.30 (x86_64-redhat-linux) using BFD version version 2.30-123.el8
COMPILER_PATH=/home/tool/gcc/gcc-9.3.0/libexec/gcc/x86_64-pc-linux-gnu/9.3.0/:/home/tool/gcc/gcc-9.3.0/libexec/gcc/x86_64-pc-linux-gnu/9.3.0/:/home/tool/gcc/gcc-9.3.0/libexec/gcc/x86_64-pc-linux-gnu/:/home/tool/gcc/gcc-9.3.0/lib/gcc/x86_64-pc-linux-gnu/9.3.0/:/home/tool/gcc/gcc-9.3.0/lib/gcc/x86_64-pc-linux-gnu/
LIBRARY_PATH=/home/tool/gcc/gcc-9.3.0/lib64/../lib64/:/home/tool/gcc/gcc-9.3.0/lib/../lib64/:/home/tool/ortools/install/CentOS7-gcc9/lib64/../lib64/:/home/tool/ortools/install/CentOS7-gcc9/lib/../lib64/:/home/tool/gcc/gcc-9.3.0/lib/gcc/x86_64-pc-linux-gnu/9.3.0/:/home/tool/gcc/gcc-9.3.0/lib/gcc/x86_64-pc-linux-gnu/9.3.0/../../../../lib64/:/lib/../lib64/:/usr/lib/../lib64/:/home/tool/gcc/gcc-9.3.0/lib64/:/home/tool/gcc/gcc-9.3.0/lib/:/home/tool/git/install/2.26.2/libexec/:/home/tool/klayout/install/0.27.1-c8/lib64/klayout/:/home/tool/Valgrind/Valgrind-3.12.0/lib/:/home/tool/tcl/tcl8.6.6/lib/:/home/tool/boost/boost_1_78_0/lib/:/home/tool/flex/2.6.4/lib/:/home/tool/ortools/install/CentOS7-gcc9/lib64/:/home/tool/ortools/install/CentOS7-gcc9/lib/:/home/tool/gcc/gcc-9.3.0/lib/gcc/x86_64-pc-linux-gnu/9.3.0/../../../:/lib/:/usr/lib/
COLLECT_GCC_OPTIONS='-v' '-o' 'CMakeFiles/cmTC_026f5.dir/CMakeCCompilerABI.c.o' '-c' '-mtune=generic' '-march=x86-64'
Linking C executable cmTC_026f5
/home/tool/cmake/cmake-3.16.2/bin/cmake -E cmake_link_script CMakeFiles/cmTC_026f5.dir/link.txt --verbose=1
/home/tool/gcc/gcc-9.3.0/bin/x86_64-pc-linux-gnu-gcc     -v CMakeFiles/cmTC_026f5.dir/CMakeCCompilerABI.c.o  -o cmTC_026f5 
Using built-in specs.
COLLECT_GCC=/home/tool/gcc/gcc-9.3.0/bin/x86_64-pc-linux-gnu-gcc
COLLECT_LTO_WRAPPER=/home/tool/gcc/gcc-9.3.0/libexec/gcc/x86_64-pc-linux-gnu/9.3.0/lto-wrapper
Target: x86_64-pc-linux-gnu
Configured with: ../gcc-9.3.0/configure --prefix=/home/tool/gcc/gcc-9.3.0
Thread model: posix
gcc version 9.3.0 (GCC) 
COMPILER_PATH=/home/tool/gcc/gcc-9.3.0/libexec/gcc/x86_64-pc-linux-gnu/9.3.0/:/home/tool/gcc/gcc-9.3.0/libexec/gcc/x86_64-pc-linux-gnu/9.3.0/:/home/tool/gcc/gcc-9.3.0/libexec/gcc/x86_64-pc-linux-gnu/:/home/tool/gcc/gcc-9.3.0/lib/gcc/x86_64-pc-linux-gnu/9.3.0/:/home/tool/gcc/gcc-9.3.0/lib/gcc/x86_64-pc-linux-gnu/
LIBRARY_PATH=/home/tool/gcc/gcc-9.3.0/lib64/../lib64/:/home/tool/gcc/gcc-9.3.0/lib/../lib64/:/home/tool/ortools/install/CentOS7-gcc9/lib64/../lib64/:/home/tool/ortools/install/CentOS7-gcc9/lib/../lib64/:/home/tool/gcc/gcc-9.3.0/lib/gcc/x86_64-pc-linux-gnu/9.3.0/:/home/tool/gcc/gcc-9.3.0/lib/gcc/x86_64-pc-linux-gnu/9.3.0/../../../../lib64/:/lib/../lib64/:/usr/lib/../lib64/:/home/tool/gcc/gcc-9.3.0/lib64/:/home/tool/gcc/gcc-9.3.0/lib/:/home/tool/git/install/2.26.2/libexec/:/home/tool/klayout/install/0.27.1-c8/lib64/klayout/:/home/tool/Valgrind/Valgrind-3.12.0/lib/:/home/tool/tcl/tcl8.6.6/lib/:/home/tool/boost/boost_1_78_0/lib/:/home/tool/flex/2.6.4/lib/:/home/tool/ortools/install/CentOS7-gcc9/lib64/:/home/tool/ortools/install/CentOS7-gcc9/lib/:/home/tool/gcc/gcc-9.3.0/lib/gcc/x86_64-pc-linux-gnu/9.3.0/../../../:/lib/:/usr/lib/
COLLECT_GCC_OPTIONS='-v' '-o' 'cmTC_026f5' '-mtune=generic' '-march=x86-64'
 /home/tool/gcc/gcc-9.3.0/libexec/gcc/x86_64-pc-linux-gnu/9.3.0/collect2 -plugin /home/tool/gcc/gcc-9.3.0/libexec/gcc/x86_64-pc-linux-gnu/9.3.0/liblto_plugin.so -plugin-opt=/home/tool/gcc/gcc-9.3.0/libexec/gcc/x86_64-pc-linux-gnu/9.3.0/lto-wrapper -plugin-opt=-fresolution=/tmp/ccijr3eO.res -plugin-opt=-pass-through=-lgcc -plugin-opt=-pass-through=-lgcc_s -plugin-opt=-pass-through=-lc -plugin-opt=-pass-through=-lgcc -plugin-opt=-pass-through=-lgcc_s --eh-frame-hdr -m elf_x86_64 -dynamic-linker /lib64/ld-linux-x86-64.so.2 -o cmTC_026f5 /lib/../lib64/crt1.o /lib/../lib64/crti.o /home/tool/gcc/gcc-9.3.0/lib/gcc/x86_64-pc-linux-gnu/9.3.0/crtbegin.o -L/home/tool/gcc/gcc-9.3.0/lib64/../lib64 -L/home/tool/gcc/gcc-9.3.0/lib/../lib64 -L/home/tool/ortools/install/CentOS7-gcc9/lib64/../lib64 -L/home/tool/ortools/install/CentOS7-gcc9/lib/../lib64 -L/home/tool/gcc/gcc-9.3.0/lib/gcc/x86_64-pc-linux-gnu/9.3.0 -L/home/tool/gcc/gcc-9.3.0/lib/gcc/x86_64-pc-linux-gnu/9.3.0/../../../../lib64 -L/lib/../lib64 -L/usr/lib/../lib64 -L/home/tool/gcc/gcc-9.3.0/lib64 -L/home/tool/gcc/gcc-9.3.0/lib -L/home/tool/git/install/2.26.2/libexec -L/home/tool/klayout/install/0.27.1-c8/lib64/klayout -L/home/tool/Valgrind/Valgrind-3.12.0/lib -L/home/tool/tcl/tcl8.6.6/lib -L/home/tool/boost/boost_1_78_0/lib -L/home/tool/flex/2.6.4/lib -L/home/tool/ortools/install/CentOS7-gcc9/lib64 -L/home/tool/ortools/install/CentOS7-gcc9/lib -L/home/tool/gcc/gcc-9.3.0/lib/gcc/x86_64-pc-linux-gnu/9.3.0/../../.. CMakeFiles/cmTC_026f5.dir/CMakeCCompilerABI.c.o -lgcc --as-needed -lgcc_s --no-as-needed -lc -lgcc --as-needed -lgcc_s --no-as-needed /home/tool/gcc/gcc-9.3.0/lib/gcc/x86_64-pc-linux-gnu/9.3.0/crtend.o /lib/../lib64/crtn.o
COLLECT_GCC_OPTIONS='-v' '-o' 'cmTC_026f5' '-mtune=generic' '-march=x86-64'
gmake[1]: Leaving directory '/home/fetzfs_projects/OpenROAD/chiplet/ChipletPart-FP/build/CMakeFiles/CMakeTmp'



Parsed C implicit include dir info from above output: rv=done
  found start of include info
  found start of implicit include info
    add: [/home/tool/tcl/tcl8.6.6/include]
    add: [/home/tool/gcc/gcc-9.3.0/lib/gcc/x86_64-pc-linux-gnu/9.3.0/include]
    add: [/usr/local/include]
    add: [/home/tool/gcc/gcc-9.3.0/include]
    add: [/home/tool/gcc/gcc-9.3.0/lib/gcc/x86_64-pc-linux-gnu/9.3.0/include-fixed]
    add: [/usr/include]
  end of search list found
  collapse include dir [/home/tool/tcl/tcl8.6.6/include] ==> [/home/tool/tcl/tcl8.6.6/include]
  collapse include dir [/home/tool/gcc/gcc-9.3.0/lib/gcc/x86_64-pc-linux-gnu/9.3.0/include] ==> [/home/tool/gcc/gcc-9.3.0/lib/gcc/x86_64-pc-linux-gnu/9.3.0/include]
  collapse include dir [/usr/local/include] ==> [/usr/local/include]
  collapse include dir [/home/tool/gcc/gcc-9.3.0/include] ==> [/home/tool/gcc/gcc-9.3.0/include]
  collapse include dir [/home/tool/gcc/gcc-9.3.0/lib/gcc/x86_64-pc-linux-gnu/9.3.0/include-fixed] ==> [/home/tool/gcc/gcc-9.3.0/lib/gcc/x86_64-pc-linux-gnu/9.3.0/include-fixed]
  collapse include dir [/usr/include] ==> [/usr/include]
  implicit include dirs: [/home/tool/tcl/tcl8.6.6/include;/home/tool/gcc/gcc-9.3.0/lib/gcc/x86_64-pc-linux-gnu/9.3.0/include;/usr/local/include;/home/tool/gcc/gcc-9.3.0/include;/home/tool/gcc/gcc-9.3.0/lib/gcc/x86_64-pc-linux-gnu/9.3.0/include-fixed;/usr/include]


Parsed C implicit link information from above output:
  link line regex: [^( *|.*[/\])(ld|CMAKE_LINK_STARTFILE-NOTFOUND|([^/\]+-)?ld|collect2)[^/\]*( |$)]
  ignore line: [Change Dir: /home/fetzfs_projects/OpenROAD/chiplet/ChipletPart-FP/build/CMakeFiles/CMakeTmp]
  ignore line: []
  ignore line: [Run Build Command(s):/usr/bin/gmake cmTC_026f5/fast && /usr/bin/gmake -f CMakeFiles/cmTC_026f5.dir/build.make CMakeFiles/cmTC_026f5.dir/build]
  ignore line: [gmake[1]: Entering directory '/home/fetzfs_projects/OpenROAD/chiplet/ChipletPart-FP/build/CMakeFiles/CMakeTmp']
  ignore line: [Building C object CMakeFiles/cmTC_026f5.dir/CMakeCCompilerABI.c.o]
  ignore line: [/home/tool/gcc/gcc-9.3.0/bin/x86_64-pc-linux-gnu-gcc   -v -o CMakeFiles/cmTC_026f5.dir/CMakeCCompilerABI.c.o   -c /home/tool/cmake/cmake-3.16.2/share/cmake-3.16/Modules/CMakeCCompilerABI.c]
  ignore line: [Using built-in specs.]
  ignore line: [COLLECT_GCC=/home/tool/gcc/gcc-9.3.0/bin/x86_64-pc-linux-gnu-gcc]
  ignore line: [Target: x86_64-pc-linux-gnu]
  ignore line: [Configured with: ../gcc-9.3.0/configure --prefix=/home/tool/gcc/gcc-9.3.0]
  ignore line: [Thread model: posix]
  ignore line: [gcc version 9.3.0 (GCC) ]
  ignore line: [COLLECT_GCC_OPTIONS='-v' '-o' 'CMakeFiles/cmTC_026f5.dir/CMakeCCompilerABI.c.o' '-c' '-mtune=generic' '-march=x86-64']
  ignore line: [ /home/tool/gcc/gcc-9.3.0/libexec/gcc/x86_64-pc-linux-gnu/9.3.0/cc1 -quiet -v /home/tool/cmake/cmake-3.16.2/share/cmake-3.16/Modules/CMakeCCompilerABI.c -quiet -dumpbase CMakeCCompilerABI.c -mtune=generic -march=x86-64 -auxbase-strip CMakeFiles/cmTC_026f5.dir/CMakeCCompilerABI.c.o -version -o /tmp/ccA2gwBg.s]
  ignore line: [GNU C17 (GCC) version 9.3.0 (x86_64-pc-linux-gnu)]
  ignore line: [	compiled by GNU C version 9.3.0  GMP version 6.1.0  MPFR version 3.1.4  MPC version 1.0.3  isl version isl-0.18-GMP]
  ignore line: []
  ignore line: [GGC heuristics: --param ggc-min-expand=100 --param ggc-min-heapsize=131072]
  ignore line: [ignoring nonexistent directory "/home/tool/gcc/gcc-9.3.0/lib/gcc/x86_64-pc-linux-gnu/9.3.0/../../../../x86_64-pc-linux-gnu/include"]
  ignore line: [#include "..." search starts here:]
  ignore line: [#include <...> search starts here:]
  ignore line: [ /home/tool/tcl/tcl8.6.6/include]
  ignore line: [ /home/tool/gcc/gcc-9.3.0/lib/gcc/x86_64-pc-linux-gnu/9.3.0/include]
  ignore line: [ /usr/local/include]
  ignore line: [ /home/tool/gcc/gcc-9.3.0/include]
  ignore line: [ /home/tool/gcc/gcc-9.3.0/lib/gcc/x86_64-pc-linux-gnu/9.3.0/include-fixed]
  ignore line: [ /usr/include]
  ignore line: [End of search list.]
  ignore line: [GNU C17 (GCC) version 9.3.0 (x86_64-pc-linux-gnu)]
  ignore line: [	compiled by GNU C version 9.3.0  GMP version 6.1.0  MPFR version 3.1.4  MPC version 1.0.3  isl version isl-0.18-GMP]
  ignore line: []
  ignore line: [GGC heuristics: --param ggc-min-expand=100 --param ggc-min-heapsize=131072]
  ignore line: [Compiler executable checksum: 2a1dc21a8f6b5cc82f9759ab894b38f9]
  ignore line: [COLLECT_GCC_OPTIONS='-v' '-o' 'CMakeFiles/cmTC_026f5.dir/CMakeCCompilerABI.c.o' '-c' '-mtune=generic' '-march=x86-64']
  ignore line: [ as -v --64 -o CMakeFiles/cmTC_026f5.dir/CMakeCCompilerABI.c.o /tmp/ccA2gwBg.s]
  ignore line: [GNU assembler version 2.30 (x86_64-redhat-linux) using BFD version version 2.30-123.el8]
  ignore line: [COMPILER_PATH=/home/tool/gcc/gcc-9.3.0/libexec/gcc/x86_64-pc-linux-gnu/9.3.0/:/home/tool/gcc/gcc-9.3.0/libexec/gcc/x86_64-pc-linux-gnu/9.3.0/:/home/tool/gcc/gcc-9.3.0/libexec/gcc/x86_64-pc-linux-gnu/:/home/tool/gcc/gcc-9.3.0/lib/gcc/x86_64-pc-linux-gnu/9.3.0/:/home/tool/gcc/gcc-9.3.0/lib/gcc/x86_64-pc-linux-gnu/]
  ignore line: [LIBRARY_PATH=/home/tool/gcc/gcc-9.3.0/lib64/../lib64/:/home/tool/gcc/gcc-9.3.0/lib/../lib64/:/home/tool/ortools/install/CentOS7-gcc9/lib64/../lib64/:/home/tool/ortools/install/CentOS7-gcc9/lib/../lib64/:/home/tool/gcc/gcc-9.3.0/lib/gcc/x86_64-pc-linux-gnu/9.3.0/:/home/tool/gcc/gcc-9.3.0/lib/gcc/x86_64-pc-linux-gnu/9.3.0/../../../../lib64/:/lib/../lib64/:/usr/lib/../lib64/:/home/tool/gcc/gcc-9.3.0/lib64/:/home/tool/gcc/gcc-9.3.0/lib/:/home/tool/git/install/2.26.2/libexec/:/home/tool/klayout/install/0.27.1-c8/lib64/klayout/:/home/tool/Valgrind/Valgrind-3.12.0/lib/:/home/tool/tcl/tcl8.6.6/lib/:/home/tool/boost/boost_1_78_0/lib/:/home/tool/flex/2.6.4/lib/:/home/tool/ortools/install/CentOS7-gcc9/lib64/:/home/tool/ortools/install/CentOS7-gcc9/lib/:/home/tool/gcc/gcc-9.3.0/lib/gcc/x86_64-pc-linux-gnu/9.3.0/../../../:/lib/:/usr/lib/]
  ignore line: [COLLECT_GCC_OPTIONS='-v' '-o' 'CMakeFiles/cmTC_026f5.dir/CMakeCCompilerABI.c.o' '-c' '-mtune=generic' '-march=x86-64']
  ignore line: [Linking C executable cmTC_026f5]
  ignore line: [/home/tool/cmake/cmake-3.16.2/bin/cmake -E cmake_link_script CMakeFiles/cmTC_026f5.dir/link.txt --verbose=1]
  ignore line: [/home/tool/gcc/gcc-9.3.0/bin/x86_64-pc-linux-gnu-gcc     -v CMakeFiles/cmTC_026f5.dir/CMakeCCompilerABI.c.o  -o cmTC_026f5 ]
  ignore line: [Using built-in specs.]
  ignore line: [COLLECT_GCC=/home/tool/gcc/gcc-9.3.0/bin/x86_64-pc-linux-gnu-gcc]
  ignore line: [COLLECT_LTO_WRAPPER=/home/tool/gcc/gcc-9.3.0/libexec/gcc/x86_64-pc-linux-gnu/9.3.0/lto-wrapper]
  ignore line: [Target: x86_64-pc-linux-gnu]
  ignore line: [Configured with: ../gcc-9.3.0/configure --prefix=/home/tool/gcc/gcc-9.3.0]
  ignore line: [Thread model: posix]
  ignore line: [gcc version 9.3.0 (GCC) ]
  ignore line: [COMPILER_PATH=/home/tool/gcc/gcc-9.3.0/libexec/gcc/x86_64-pc-linux-gnu/9.3.0/:/home/tool/gcc/gcc-9.3.0/libexec/gcc/x86_64-pc-linux-gnu/9.3.0/:/home/tool/gcc/gcc-9.3.0/libexec/gcc/x86_64-pc-linux-gnu/:/home/tool/gcc/gcc-9.3.0/lib/gcc/x86_64-pc-linux-gnu/9.3.0/:/home/tool/gcc/gcc-9.3.0/lib/gcc/x86_64-pc-linux-gnu/]
  ignore line: [LIBRARY_PATH=/home/tool/gcc/gcc-9.3.0/lib64/../lib64/:/home/tool/gcc/gcc-9.3.0/lib/../lib64/:/home/tool/ortools/install/CentOS7-gcc9/lib64/../lib64/:/home/tool/ortools/install/CentOS7-gcc9/lib/../lib64/:/home/tool/gcc/gcc-9.3.0/lib/gcc/x86_64-pc-linux-gnu/9.3.0/:/home/tool/gcc/gcc-9.3.0/lib/gcc/x86_64-pc-linux-gnu/9.3.0/../../../../lib64/:/lib/../lib64/:/usr/lib/../lib64/:/home/tool/gcc/gcc-9.3.0/lib64/:/home/tool/gcc/gcc-9.3.0/lib/:/home/tool/git/install/2.26.2/libexec/:/home/tool/klayout/install/0.27.1-c8/lib64/klayout/:/home/tool/Valgrind/Valgrind-3.12.0/lib/:/home/tool/tcl/tcl8.6.6/lib/:/home/tool/boost/boost_1_78_0/lib/:/home/tool/flex/2.6.4/lib/:/home/tool/ortools/install/CentOS7-gcc9/lib64/:/home/tool/ortools/install/CentOS7-gcc9/lib/:/home/tool/gcc/gcc-9.3.0/lib/gcc/x86_64-pc-linux-gnu/9.3.0/../../../:/lib/:/usr/lib/]
  ignore line: [COLLECT_GCC_OPTIONS='-v' '-o' 'cmTC_026f5' '-mtune=generic' '-march=x86-64']
  link line: [ /home/tool/gcc/gcc-9.3.0/libexec/gcc/x86_64-pc-linux-gnu/9.3.0/collect2 -plugin /home/tool/gcc/gcc-9.3.0/libexec/gcc/x86_64-pc-linux-gnu/9.3.0/liblto_plugin.so -plugin-opt=/home/tool/gcc/gcc-9.3.0/libexec/gcc/x86_64-pc-linux-gnu/9.3.0/lto-wrapper -plugin-opt=-fresolution=/tmp/ccijr3eO.res -plugin-opt=-pass-through=-lgcc -plugin-opt=-pass-through=-lgcc_s -plugin-opt=-pass-through=-lc -plugin-opt=-pass-through=-lgcc -plugin-opt=-pass-through=-lgcc_s --eh-frame-hdr -m elf_x86_64 -dynamic-linker /lib64/ld-linux-x86-64.so.2 -o cmTC_026f5 /lib/../lib64/crt1.o /lib/../lib64/crti.o /home/tool/gcc/gcc-9.3.0/lib/gcc/x86_64-pc-linux-gnu/9.3.0/crtbegin.o -L/home/tool/gcc/gcc-9.3.0/lib64/../lib64 -L/home/tool/gcc/gcc-9.3.0/lib/../lib64 -L/home/tool/ortools/install/CentOS7-gcc9/lib64/../lib64 -L/home/tool/ortools/install/CentOS7-gcc9/lib/../lib64 -L/home/tool/gcc/gcc-9.3.0/lib/gcc/x86_64-pc-linux-gnu/9.3.0 -L/home/tool/gcc/gcc-9.3.0/lib/gcc/x86_64-pc-linux-gnu/9.3.0/../../../../lib64 -L/lib/../lib64 -L/usr/lib/../lib64 -L/home/tool/gcc/gcc-9.3.0/lib64 -L/home/tool/gcc/gcc-9.3.0/lib -L/home/tool/git/install/2.26.2/libexec -L/home/tool/klayout/install/0.27.1-c8/lib64/klayout -L/home/tool/Valgrind/Valgrind-3.12.0/lib -L/home/tool/tcl/tcl8.6.6/lib -L/home/tool/boost/boost_1_78_0/lib -L/home/tool/flex/2.6.4/lib -L/home/tool/ortools/install/CentOS7-gcc9/lib64 -L/home/tool/ortools/install/CentOS7-gcc9/lib -L/home/tool/gcc/gcc-9.3.0/lib/gcc/x86_64-pc-linux-gnu/9.3.0/../../.. CMakeFiles/cmTC_026f5.dir/CMakeCCompilerABI.c.o -lgcc --as-needed -lgcc_s --no-as-needed -lc -lgcc --as-needed -lgcc_s --no-as-needed /home/tool/gcc/gcc-9.3.0/lib/gcc/x86_64-pc-linux-gnu/9.3.0/crtend.o /lib/../lib64/crtn.o]
    arg [/home/tool/gcc/gcc-9.3.0/libexec/gcc/x86_64-pc-linux-gnu/9.3.0/collect2] ==> ignore
    arg [-plugin] ==> ignore
    arg [/home/tool/gcc/gcc-9.3.0/libexec/gcc/x86_64-pc-linux-gnu/9.3.0/liblto_plugin.so] ==> ignore
    arg [-plugin-opt=/home/tool/gcc/gcc-9.3.0/libexec/gcc/x86_64-pc-linux-gnu/9.3.0/lto-wrapper] ==> ignore
    arg [-plugin-opt=-fresolution=/tmp/ccijr3eO.res] ==> ignore
    arg [-plugin-opt=-pass-through=-lgcc] ==> ignore
    arg [-plugin-opt=-pass-through=-lgcc_s] ==> ignore
    arg [-plugin-opt=-pass-through=-lc] ==> ignore
    arg [-plugin-opt=-pass-through=-lgcc] ==> ignore
    arg [-plugin-opt=-pass-through=-lgcc_s] ==> ignore
    arg [--eh-frame-hdr] ==> ignore
    arg [-m] ==> ignore
    arg [elf_x86_64] ==> ignore
    arg [-dynamic-linker] ==> ignore
    arg [/lib64/ld-linux-x86-64.so.2] ==> ignore
    arg [-o] ==> ignore
    arg [cmTC_026f5] ==> ignore
    arg [/lib/../lib64/crt1.o] ==> ignore
    arg [/lib/../lib64/crti.o] ==> ignore
    arg [/home/tool/gcc/gcc-9.3.0/lib/gcc/x86_64-pc-linux-gnu/9.3.0/crtbegin.o] ==> ignore
    arg [-L/home/tool/gcc/gcc-9.3.0/lib64/../lib64] ==> dir [/home/tool/gcc/gcc-9.3.0/lib64/../lib64]
    arg [-L/home/tool/gcc/gcc-9.3.0/lib/../lib64] ==> dir [/home/tool/gcc/gcc-9.3.0/lib/../lib64]
    arg [-L/home/tool/ortools/install/CentOS7-gcc9/lib64/../lib64] ==> dir [/home/tool/ortools/install/CentOS7-gcc9/lib64/../lib64]
    arg [-L/home/tool/ortools/install/CentOS7-gcc9/lib/../lib64] ==> dir [/home/tool/ortools/install/CentOS7-gcc9/lib/../lib64]
    arg [-L/home/tool/gcc/gcc-9.3.0/lib/gcc/x86_64-pc-linux-gnu/9.3.0] ==> dir [/home/tool/gcc/gcc-9.3.0/lib/gcc/x86_64-pc-linux-gnu/9.3.0]
    arg [-L/home/tool/gcc/gcc-9.3.0/lib/gcc/x86_64-pc-linux-gnu/9.3.0/../../../../lib64] ==> dir [/home/tool/gcc/gcc-9.3.0/lib/gcc/x86_64-pc-linux-gnu/9.3.0/../../../../lib64]
    arg [-L/lib/../lib64] ==> dir [/lib/../lib64]
    arg [-L/usr/lib/../lib64] ==> dir [/usr/lib/../lib64]
    arg [-L/home/tool/gcc/gcc-9.3.0/lib64] ==> dir [/home/tool/gcc/gcc-9.3.0/lib64]
    arg [-L/home/tool/gcc/gcc-9.3.0/lib] ==> dir [/home/tool/gcc/gcc-9.3.0/lib]
    arg [-L/home/tool/git/install/2.26.2/libexec] ==> dir [/home/tool/git/install/2.26.2/libexec]
    arg [-L/home/tool/klayout/install/0.27.1-c8/lib64/klayout] ==> dir [/home/tool/klayout/install/0.27.1-c8/lib64/klayout]
    arg [-L/home/tool/Valgrind/Valgrind-3.12.0/lib] ==> dir [/home/tool/Valgrind/Valgrind-3.12.0/lib]
    arg [-L/home/tool/tcl/tcl8.6.6/lib] ==> dir [/home/tool/tcl/tcl8.6.6/lib]
    arg [-L/home/tool/boost/boost_1_78_0/lib] ==> dir [/home/tool/boost/boost_1_78_0/lib]
    arg [-L/home/tool/flex/2.6.4/lib] ==> dir [/home/tool/flex/2.6.4/lib]
    arg [-L/home/tool/ortools/install/CentOS7-gcc9/lib64] ==> dir [/home/tool/ortools/install/CentOS7-gcc9/lib64]
    arg [-L/home/tool/ortools/install/CentOS7-gcc9/lib] ==> dir [/home/tool/ortools/install/CentOS7-gcc9/lib]
    arg [-L/home/tool/gcc/gcc-9.3.0/lib/gcc/x86_64-pc-linux-gnu/9.3.0/../../..] ==> dir [/home/tool/gcc/gcc-9.3.0/lib/gcc/x86_64-pc-linux-gnu/9.3.0/../../..]
    arg [CMakeFiles/cmTC_026f5.dir/CMakeCCompilerABI.c.o] ==> ignore
    arg [-lgcc] ==> lib [gcc]
    arg [--as-needed] ==> ignore
    arg [-lgcc_s] ==> lib [gcc_s]
    arg [--no-as-needed] ==> ignore
    arg [-lc] ==> lib [c]
    arg [-lgcc] ==> lib [gcc]
    arg [--as-needed] ==> ignore
    arg [-lgcc_s] ==> lib [gcc_s]
    arg [--no-as-needed] ==> ignore
    arg [/home/tool/gcc/gcc-9.3.0/lib/gcc/x86_64-pc-linux-gnu/9.3.0/crtend.o] ==> ignore
    arg [/lib/../lib64/crtn.o] ==> ignore
  collapse library dir [/home/tool/gcc/gcc-9.3.0/lib64/../lib64] ==> [/home/tool/gcc/gcc-9.3.0/lib64]
  collapse library dir [/home/tool/gcc/gcc-9.3.0/lib/../lib64] ==> [/home/tool/gcc/gcc-9.3.0/lib64]
  collapse library dir [/home/tool/ortools/install/CentOS7-gcc9/lib64/../lib64] ==> [/home/tool/ortools/install/CentOS7-gcc9/lib64]
  collapse library dir [/home/tool/ortools/install/CentOS7-gcc9/lib/../lib64] ==> [/home/tool/ortools/install/CentOS7-gcc9/lib64]
  collapse library dir [/home/tool/gcc/gcc-9.3.0/lib/gcc/x86_64-pc-linux-gnu/9.3.0] ==> [/home/tool/gcc/gcc-9.3.0/lib/gcc/x86_64-pc-linux-gnu/9.3.0]
  collapse library dir [/home/tool/gcc/gcc-9.3.0/lib/gcc/x86_64-pc-linux-gnu/9.3.0/../../../../lib64] ==> [/home/tool/gcc/gcc-9.3.0/lib64]
  collapse library dir [/lib/../lib64] ==> [/lib64]
  collapse library dir [/usr/lib/../lib64] ==> [/usr/lib64]
  collapse library dir [/home/tool/gcc/gcc-9.3.0/lib64] ==> [/home/tool/gcc/gcc-9.3.0/lib64]
  collapse library dir [/home/tool/gcc/gcc-9.3.0/lib] ==> [/home/tool/gcc/gcc-9.3.0/lib]
  collapse library dir [/home/tool/git/install/2.26.2/libexec] ==> [/home/tool/git/install/2.26.2/libexec]
  collapse library dir [/home/tool/klayout/install/0.27.1-c8/lib64/klayout] ==> [/home/tool/klayout/install/0.27.1-c8/lib64/klayout]
  collapse library dir [/home/tool/Valgrind/Valgrind-3.12.0/lib] ==> [/home/tool/Valgrind/Valgrind-3.12.0/lib]
  collapse library dir [/home/tool/tcl/tcl8.6.6/lib] ==> [/home/tool/tcl/tcl8.6.6/lib]
  collapse library dir [/home/tool/boost/boost_1_78_0/lib] ==> [/home/tool/boost/boost_1_78_0/lib]
  collapse library dir [/home/tool/flex/2.6.4/lib] ==> [/home/tool/flex/2.6.4/lib]
  collapse library dir [/home/tool/ortools/install/CentOS7-gcc9/lib64] ==> [/home/tool/ortools/install/CentOS7-gcc9/lib64]
  collapse library dir [/home/tool/ortools/install/CentOS7-gcc9/lib] ==> [/home/tool/ortools/install/CentOS7-gcc9/lib]
  collapse library dir [/home/tool/gcc/gcc-9.3.0/lib/gcc/x86_64-pc-linux-gnu/9.3.0/../../..] ==> [/home/tool/gcc/gcc-9.3.0/lib]
  implicit libs: [gcc;gcc_s;c;gcc;gcc_s]
  implicit dirs: [/home/tool/gcc/gcc-9.3.0/lib64;/home/tool/ortools/install/CentOS7-gcc9/lib64;/home/tool/gcc/gcc-9.3.0/lib/gcc/x86_64-pc-linux-gnu/9.3.0;/lib64;/usr/lib64;/home/tool/gcc/gcc-9.3.0/lib;/home/tool/git/install/2.26.2/libexec;/home/tool/klayout/install/0.27.1-c8/lib64/klayout;/home/tool/Valgrind/Valgrind-3.12.0/lib;/home/tool/tcl/tcl8.6.6/lib;/home/tool/boost/boost_1_78_0/lib;/home/tool/flex/2.6.4/lib;/home/tool/ortools/install/CentOS7-gcc9/lib]
  implicit fwks: []


Determining if the CXX compiler works passed with the following output:
Change Dir: /home/fetzfs_projects/OpenROAD/chiplet/ChipletPart-FP/build/CMakeFiles/CMakeTmp

Run Build Command(s):/usr/bin/gmake cmTC_711c3/fast && /usr/bin/gmake -f CMakeFiles/cmTC_711c3.dir/build.make CMakeFiles/cmTC_711c3.dir/build
gmake[1]: Entering directory '/home/fetzfs_projects/OpenROAD/chiplet/ChipletPart-FP/build/CMakeFiles/CMakeTmp'
Building CXX object CMakeFiles/cmTC_711c3.dir/testCXXCompiler.cxx.o
/home/tool/gcc/gcc-9.3.0/bin/x86_64-pc-linux-gnu-g++     -o CMakeFiles/cmTC_711c3.dir/testCXXCompiler.cxx.o -c /home/fetzfs_projects/OpenROAD/chiplet/ChipletPart-FP/build/CMakeFiles/CMakeTmp/testCXXCompiler.cxx
Linking CXX executable cmTC_711c3
/home/tool/cmake/cmake-3.16.2/bin/cmake -E cmake_link_script CMakeFiles/cmTC_711c3.dir/link.txt --verbose=1
/home/tool/gcc/gcc-9.3.0/bin/x86_64-pc-linux-gnu-g++       CMakeFiles/cmTC_711c3.dir/testCXXCompiler.cxx.o  -o cmTC_711c3 
gmake[1]: Leaving directory '/home/fetzfs_projects/OpenROAD/chiplet/ChipletPart-FP/build/CMakeFiles/CMakeTmp'



Detecting CXX compiler ABI info compiled with the following output:
Change Dir: /home/fetzfs_projects/OpenROAD/chiplet/ChipletPart-FP/build/CMakeFiles/CMakeTmp

Run Build Command(s):/usr/bin/gmake cmTC_69e34/fast && /usr/bin/gmake -f CMakeFiles/cmTC_69e34.dir/build.make CMakeFiles/cmTC_69e34.dir/build
gmake[1]: Entering directory '/home/fetzfs_projects/OpenROAD/chiplet/ChipletPart-FP/build/CMakeFiles/CMakeTmp'
Building CXX object CMakeFiles/cmTC_69e34.dir/CMakeCXXCompilerABI.cpp.o
/home/tool/gcc/gcc-9.3.0/bin/x86_64-pc-linux-gnu-g++    -v -o CMakeFiles/cmTC_69e34.dir/CMakeCXXCompilerABI.cpp.o -c /home/tool/cmake/cmake-3.16.2/share/cmake-3.16/Modules/CMakeCXXCompilerABI.cpp
Using built-in specs.
COLLECT_GCC=/home/tool/gcc/gcc-9.3.0/bin/x86_64-pc-linux-gnu-g++
Target: x86_64-pc-linux-gnu
Configured with: ../gcc-9.3.0/configure --prefix=/home/tool/gcc/gcc-9.3.0
Thread model: posix
gcc version 9.3.0 (GCC) 
COLLECT_GCC_OPTIONS='-v' '-o' 'CMakeFiles/cmTC_69e34.dir/CMakeCXXCompilerABI.cpp.o' '-c' '-shared-libgcc' '-mtune=generic' '-march=x86-64'
 /home/tool/gcc/gcc-9.3.0/libexec/gcc/x86_64-pc-linux-gnu/9.3.0/cc1plus -quiet -v -D_GNU_SOURCE /home/tool/cmake/cmake-3.16.2/share/cmake-3.16/Modules/CMakeCXXCompilerABI.cpp -quiet -dumpbase CMakeCXXCompilerABI.cpp -mtune=generic -march=x86-64 -auxbase-strip CMakeFiles/cmTC_69e34.dir/CMakeCXXCompilerABI.cpp.o -version -o /tmp/cc5Nqigq.s
GNU C++14 (GCC) version 9.3.0 (x86_64-pc-linux-gnu)
	compiled by GNU C version 9.3.0, GMP version 6.1.0, MPFR version 3.1.4, MPC version 1.0.3, isl version isl-0.18-GMP

GGC heuristics: --param ggc-min-expand=100 --param ggc-min-heapsize=131072
ignoring nonexistent directory "/home/tool/gcc/gcc-9.3.0/lib/gcc/x86_64-pc-linux-gnu/9.3.0/../../../../x86_64-pc-linux-gnu/include"
#include "..." search starts here:
#include <...> search starts here:
 /home/tool/tcl/tcl8.6.6/include
 /home/tool/boost/boost_1_78_0/include
 /home/tool/gcc/gcc-9.3.0/lib/gcc/x86_64-pc-linux-gnu/9.3.0/../../../../include/c++/9.3.0
 /home/tool/gcc/gcc-9.3.0/lib/gcc/x86_64-pc-linux-gnu/9.3.0/../../../../include/c++/9.3.0/x86_64-pc-linux-gnu
 /home/tool/gcc/gcc-9.3.0/lib/gcc/x86_64-pc-linux-gnu/9.3.0/../../../../include/c++/9.3.0/backward
 /home/tool/gcc/gcc-9.3.0/lib/gcc/x86_64-pc-linux-gnu/9.3.0/include
 /usr/local/include
 /home/tool/gcc/gcc-9.3.0/include
 /home/tool/gcc/gcc-9.3.0/lib/gcc/x86_64-pc-linux-gnu/9.3.0/include-fixed
 /usr/include
End of search list.
GNU C++14 (GCC) version 9.3.0 (x86_64-pc-linux-gnu)
	compiled by GNU C version 9.3.0, GMP version 6.1.0, MPFR version 3.1.4, MPC version 1.0.3, isl version isl-0.18-GMP

GGC heuristics: --param ggc-min-expand=100 --param ggc-min-heapsize=131072
Compiler executable checksum: 608dbf8298fb9e6b2430729c8dbfac11
COLLECT_GCC_OPTIONS='-v' '-o' 'CMakeFiles/cmTC_69e34.dir/CMakeCXXCompilerABI.cpp.o' '-c' '-shared-libgcc' '-mtune=generic' '-march=x86-64'
 as -v --64 -o CMakeFiles/cmTC_69e34.dir/CMakeCXXCompilerABI.cpp.o /tmp/cc5Nqigq.s
GNU assembler version 2.30 (x86_64-redhat-linux) using BFD version version 2.30-123.el8
COMPILER_PATH=/home/tool/gcc/gcc-9.3.0/libexec/gcc/x86_64-pc-linux-gnu/9.3.0/:/home/tool/gcc/gcc-9.3.0/libexec/gcc/x86_64-pc-linux-gnu/9.3.0/:/home/tool/gcc/gcc-9.3.0/libexec/gcc/x86_64-pc-linux-gnu/:/home/tool/gcc/gcc-9.3.0/lib/gcc/x86_64-pc-linux-gnu/9.3.0/:/home/tool/gcc/gcc-9.3.0/lib/gcc/x86_64-pc-linux-gnu/
LIBRARY_PATH=/home/tool/gcc/gcc-9.3.0/lib64/../lib64/:/home/tool/gcc/gcc-9.3.0/lib/../lib64/:/home/tool/ortools/install/CentOS7-gcc9/lib64/../lib64/:/home/tool/ortools/install/CentOS7-gcc9/lib/../lib64/:/home/tool/gcc/gcc-9.3.0/lib/gcc/x86_64-pc-linux-gnu/9.3.0/:/home/tool/gcc/gcc-9.3.0/lib/gcc/x86_64-pc-linux-gnu/9.3.0/../../../../lib64/:/lib/../lib64/:/usr/lib/../lib64/:/home/tool/gcc/gcc-9.3.0/lib64/:/home/tool/gcc/gcc-9.3.0/lib/:/home/tool/git/install/2.26.2/libexec/:/home/tool/klayout/install/0.27.1-c8/lib64/klayout/:/home/tool/Valgrind/Valgrind-3.12.0/lib/:/home/tool/tcl/tcl8.6.6/lib/:/home/tool/boost/boost_1_78_0/lib/:/home/tool/flex/2.6.4/lib/:/home/tool/ortools/install/CentOS7-gcc9/lib64/:/home/tool/ortools/install/CentOS7-gcc9/lib/:/home/tool/gcc/gcc-9.3.0/lib/gcc/x86_64-pc-linux-gnu/9.3.0/../../../:/lib/:/usr/lib/
COLLECT_GCC_OPTIONS='-v' '-o' 'CMakeFiles/cmTC_69e34.dir/CMakeCXXCompilerABI.cpp.o' '-c' '-shared-libgcc' '-mtune=generic' '-march=x86-64'
Linking CXX executable cmTC_69e34
/home/tool/cmake/cmake-3.16.2/bin/cmake -E cmake_link_script CMakeFiles/cmTC_69e34.dir/link.txt --verbose=1
/home/tool/gcc/gcc-9.3.0/bin/x86_64-pc-linux-gnu-g++      -v CMakeFiles/cmTC_69e34.dir/CMakeCXXCompilerABI.cpp.o  -o cmTC_69e34 
Using built-in specs.
COLLECT_GCC=/home/tool/gcc/gcc-9.3.0/bin/x86_64-pc-linux-gnu-g++
COLLECT_LTO_WRAPPER=/home/tool/gcc/gcc-9.3.0/libexec/gcc/x86_64-pc-linux-gnu/9.3.0/lto-wrapper
Target: x86_64-pc-linux-gnu
Configured with: ../gcc-9.3.0/configure --prefix=/home/tool/gcc/gcc-9.3.0
Thread model: posix
gcc version 9.3.0 (GCC) 
COMPILER_PATH=/home/tool/gcc/gcc-9.3.0/libexec/gcc/x86_64-pc-linux-gnu/9.3.0/:/home/tool/gcc/gcc-9.3.0/libexec/gcc/x86_64-pc-linux-gnu/9.3.0/:/home/tool/gcc/gcc-9.3.0/libexec/gcc/x86_64-pc-linux-gnu/:/home/tool/gcc/gcc-9.3.0/lib/gcc/x86_64-pc-linux-gnu/9.3.0/:/home/tool/gcc/gcc-9.3.0/lib/gcc/x86_64-pc-linux-gnu/
LIBRARY_PATH=/home/tool/gcc/gcc-9.3.0/lib64/../lib64/:/home/tool/gcc/gcc-9.3.0/lib/../lib64/:/home/tool/ortools/install/CentOS7-gcc9/lib64/../lib64/:/home/tool/ortools/install/CentOS7-gcc9/lib/../lib64/:/home/tool/gcc/gcc-9.3.0/lib/gcc/x86_64-pc-linux-gnu/9.3.0/:/home/tool/gcc/gcc-9.3.0/lib/gcc/x86_64-pc-linux-gnu/9.3.0/../../../../lib64/:/lib/../lib64/:/usr/lib/../lib64/:/home/tool/gcc/gcc-9.3.0/lib64/:/home/tool/gcc/gcc-9.3.0/lib/:/home/tool/git/install/2.26.2/libexec/:/home/tool/klayout/install/0.27.1-c8/lib64/klayout/:/home/tool/Valgrind/Valgrind-3.12.0/lib/:/home/tool/tcl/tcl8.6.6/lib/:/home/tool/boost/boost_1_78_0/lib/:/home/tool/flex/2.6.4/lib/:/home/tool/ortools/install/CentOS7-gcc9/lib64/:/home/tool/ortools/install/CentOS7-gcc9/lib/:/home/tool/gcc/gcc-9.3.0/lib/gcc/x86_64-pc-linux-gnu/9.3.0/../../../:/lib/:/usr/lib/
COLLECT_GCC_OPTIONS='-v' '-o' 'cmTC_69e34' '-shared-libgcc' '-mtune=generic' '-march=x86-64'
 /home/tool/gcc/gcc-9.3.0/libexec/gcc/x86_64-pc-linux-gnu/9.3.0/collect2 -plugin /home/tool/gcc/gcc-9.3.0/libexec/gcc/x86_64-pc-linux-gnu/9.3.0/liblto_plugin.so -plugin-opt=/home/tool/gcc/gcc-9.3.0/libexec/gcc/x86_64-pc-linux-gnu/9.3.0/lto-wrapper -plugin-opt=-fresolution=/tmp/ccYx9yEg.res -plugin-opt=-pass-through=-lgcc_s -plugin-opt=-pass-through=-lgcc -plugin-opt=-pass-through=-lc -plugin-opt=-pass-through=-lgcc_s -plugin-opt=-pass-through=-lgcc --eh-frame-hdr -m elf_x86_64 -dynamic-linker /lib64/ld-linux-x86-64.so.2 -o cmTC_69e34 /lib/../lib64/crt1.o /lib/../lib64/crti.o /home/tool/gcc/gcc-9.3.0/lib/gcc/x86_64-pc-linux-gnu/9.3.0/crtbegin.o -L/home/tool/gcc/gcc-9.3.0/lib64/../lib64 -L/home/tool/gcc/gcc-9.3.0/lib/../lib64 -L/home/tool/ortools/install/CentOS7-gcc9/lib64/../lib64 -L/home/tool/ortools/install/CentOS7-gcc9/lib/../lib64 -L/home/tool/gcc/gcc-9.3.0/lib/gcc/x86_64-pc-linux-gnu/9.3.0 -L/home/tool/gcc/gcc-9.3.0/lib/gcc/x86_64-pc-linux-gnu/9.3.0/../../../../lib64 -L/lib/../lib64 -L/usr/lib/../lib64 -L/home/tool/gcc/gcc-9.3.0/lib64 -L/home/tool/gcc/gcc-9.3.0/lib -L/home/tool/git/install/2.26.2/libexec -L/home/tool/klayout/install/0.27.1-c8/lib64/klayout -L/home/tool/Valgrind/Valgrind-3.12.0/lib -L/home/tool/tcl/tcl8.6.6/lib -L/home/tool/boost/boost_1_78_0/lib -L/home/tool/flex/2.6.4/lib -L/home/tool/ortools/install/CentOS7-gcc9/lib64 -L/home/tool/ortools/install/CentOS7-gcc9/lib -L/home/tool/gcc/gcc-9.3.0/lib/gcc/x86_64-pc-linux-gnu/9.3.0/../../.. CMakeFiles/cmTC_69e34.dir/CMakeCXXCompilerABI.cpp.o -lstdc++ -lm -lgcc_s -lgcc -lc -lgcc_s -lgcc /home/tool/gcc/gcc-9.3.0/lib/gcc/x86_64-pc-linux-gnu/9.3.0/crtend.o /lib/../lib64/crtn.o
COLLECT_GCC_OPTIONS='-v' '-o' 'cmTC_69e34' '-shared-libgcc' '-mtune=generic' '-march=x86-64'
gmake[1]: Leaving directory '/home/fetzfs_projects/OpenROAD/chiplet/ChipletPart-FP/build/CMakeFiles/CMakeTmp'



Parsed CXX implicit include dir info from above output: rv=done
  found start of include info
  found start of implicit include info
    add: [/home/tool/tcl/tcl8.6.6/include]
    add: [/home/tool/boost/boost_1_78_0/include]
    add: [/home/tool/gcc/gcc-9.3.0/lib/gcc/x86_64-pc-linux-gnu/9.3.0/../../../../include/c++/9.3.0]
    add: [/home/tool/gcc/gcc-9.3.0/lib/gcc/x86_64-pc-linux-gnu/9.3.0/../../../../include/c++/9.3.0/x86_64-pc-linux-gnu]
    add: [/home/tool/gcc/gcc-9.3.0/lib/gcc/x86_64-pc-linux-gnu/9.3.0/../../../../include/c++/9.3.0/backward]
    add: [/home/tool/gcc/gcc-9.3.0/lib/gcc/x86_64-pc-linux-gnu/9.3.0/include]
    add: [/usr/local/include]
    add: [/home/tool/gcc/gcc-9.3.0/include]
    add: [/home/tool/gcc/gcc-9.3.0/lib/gcc/x86_64-pc-linux-gnu/9.3.0/include-fixed]
    add: [/usr/include]
  end of search list found
  collapse include dir [/home/tool/tcl/tcl8.6.6/include] ==> [/home/tool/tcl/tcl8.6.6/include]
  collapse include dir [/home/tool/boost/boost_1_78_0/include] ==> [/home/tool/boost/boost_1_78_0/include]
  collapse include dir [/home/tool/gcc/gcc-9.3.0/lib/gcc/x86_64-pc-linux-gnu/9.3.0/../../../../include/c++/9.3.0] ==> [/home/tool/gcc/gcc-9.3.0/include/c++/9.3.0]
  collapse include dir [/home/tool/gcc/gcc-9.3.0/lib/gcc/x86_64-pc-linux-gnu/9.3.0/../../../../include/c++/9.3.0/x86_64-pc-linux-gnu] ==> [/home/tool/gcc/gcc-9.3.0/include/c++/9.3.0/x86_64-pc-linux-gnu]
  collapse include dir [/home/tool/gcc/gcc-9.3.0/lib/gcc/x86_64-pc-linux-gnu/9.3.0/../../../../include/c++/9.3.0/backward] ==> [/home/tool/gcc/gcc-9.3.0/include/c++/9.3.0/backward]
  collapse include dir [/home/tool/gcc/gcc-9.3.0/lib/gcc/x86_64-pc-linux-gnu/9.3.0/include] ==> [/home/tool/gcc/gcc-9.3.0/lib/gcc/x86_64-pc-linux-gnu/9.3.0/include]
  collapse include dir [/usr/local/include] ==> [/usr/local/include]
  collapse include dir [/home/tool/gcc/gcc-9.3.0/include] ==> [/home/tool/gcc/gcc-9.3.0/include]
  collapse include dir [/home/tool/gcc/gcc-9.3.0/lib/gcc/x86_64-pc-linux-gnu/9.3.0/include-fixed] ==> [/home/tool/gcc/gcc-9.3.0/lib/gcc/x86_64-pc-linux-gnu/9.3.0/include-fixed]
  collapse include dir [/usr/include] ==> [/usr/include]
  implicit include dirs: [/home/tool/tcl/tcl8.6.6/include;/home/tool/boost/boost_1_78_0/include;/home/tool/gcc/gcc-9.3.0/include/c++/9.3.0;/home/tool/gcc/gcc-9.3.0/include/c++/9.3.0/x86_64-pc-linux-gnu;/home/tool/gcc/gcc-9.3.0/include/c++/9.3.0/backward;/home/tool/gcc/gcc-9.3.0/lib/gcc/x86_64-pc-linux-gnu/9.3.0/include;/usr/local/include;/home/tool/gcc/gcc-9.3.0/include;/home/tool/gcc/gcc-9.3.0/lib/gcc/x86_64-pc-linux-gnu/9.3.0/include-fixed;/usr/include]


Parsed CXX implicit link information from above output:
  link line regex: [^( *|.*[/\])(ld|CMAKE_LINK_STARTFILE-NOTFOUND|([^/\]+-)?ld|collect2)[^/\]*( |$)]
  ignore line: [Change Dir: /home/fetzfs_projects/OpenROAD/chiplet/ChipletPart-FP/build/CMakeFiles/CMakeTmp]
  ignore line: []
  ignore line: [Run Build Command(s):/usr/bin/gmake cmTC_69e34/fast && /usr/bin/gmake -f CMakeFiles/cmTC_69e34.dir/build.make CMakeFiles/cmTC_69e34.dir/build]
  ignore line: [gmake[1]: Entering directory '/home/fetzfs_projects/OpenROAD/chiplet/ChipletPart-FP/build/CMakeFiles/CMakeTmp']
  ignore line: [Building CXX object CMakeFiles/cmTC_69e34.dir/CMakeCXXCompilerABI.cpp.o]
  ignore line: [/home/tool/gcc/gcc-9.3.0/bin/x86_64-pc-linux-gnu-g++    -v -o CMakeFiles/cmTC_69e34.dir/CMakeCXXCompilerABI.cpp.o -c /home/tool/cmake/cmake-3.16.2/share/cmake-3.16/Modules/CMakeCXXCompilerABI.cpp]
  ignore line: [Using built-in specs.]
  ignore line: [COLLECT_GCC=/home/tool/gcc/gcc-9.3.0/bin/x86_64-pc-linux-gnu-g++]
  ignore line: [Target: x86_64-pc-linux-gnu]
  ignore line: [Configured with: ../gcc-9.3.0/configure --prefix=/home/tool/gcc/gcc-9.3.0]
  ignore line: [Thread model: posix]
  ignore line: [gcc version 9.3.0 (GCC) ]
  ignore line: [COLLECT_GCC_OPTIONS='-v' '-o' 'CMakeFiles/cmTC_69e34.dir/CMakeCXXCompilerABI.cpp.o' '-c' '-shared-libgcc' '-mtune=generic' '-march=x86-64']
  ignore line: [ /home/tool/gcc/gcc-9.3.0/libexec/gcc/x86_64-pc-linux-gnu/9.3.0/cc1plus -quiet -v -D_GNU_SOURCE /home/tool/cmake/cmake-3.16.2/share/cmake-3.16/Modules/CMakeCXXCompilerABI.cpp -quiet -dumpbase CMakeCXXCompilerABI.cpp -mtune=generic -march=x86-64 -auxbase-strip CMakeFiles/cmTC_69e34.dir/CMakeCXXCompilerABI.cpp.o -version -o /tmp/cc5Nqigq.s]
  ignore line: [GNU C++14 (GCC) version 9.3.0 (x86_64-pc-linux-gnu)]
  ignore line: [	compiled by GNU C version 9.3.0  GMP version 6.1.0  MPFR version 3.1.4  MPC version 1.0.3  isl version isl-0.18-GMP]
  ignore line: []
  ignore line: [GGC heuristics: --param ggc-min-expand=100 --param ggc-min-heapsize=131072]
  ignore line: [ignoring nonexistent directory "/home/tool/gcc/gcc-9.3.0/lib/gcc/x86_64-pc-linux-gnu/9.3.0/../../../../x86_64-pc-linux-gnu/include"]
  ignore line: [#include "..." search starts here:]
  ignore line: [#include <...> search starts here:]
  ignore line: [ /home/tool/tcl/tcl8.6.6/include]
  ignore line: [ /home/tool/boost/boost_1_78_0/include]
  ignore line: [ /home/tool/gcc/gcc-9.3.0/lib/gcc/x86_64-pc-linux-gnu/9.3.0/../../../../include/c++/9.3.0]
  ignore line: [ /home/tool/gcc/gcc-9.3.0/lib/gcc/x86_64-pc-linux-gnu/9.3.0/../../../../include/c++/9.3.0/x86_64-pc-linux-gnu]
  ignore line: [ /home/tool/gcc/gcc-9.3.0/lib/gcc/x86_64-pc-linux-gnu/9.3.0/../../../../include/c++/9.3.0/backward]
  ignore line: [ /home/tool/gcc/gcc-9.3.0/lib/gcc/x86_64-pc-linux-gnu/9.3.0/include]
  ignore line: [ /usr/local/include]
  ignore line: [ /home/tool/gcc/gcc-9.3.0/include]
  ignore line: [ /home/tool/gcc/gcc-9.3.0/lib/gcc/x86_64-pc-linux-gnu/9.3.0/include-fixed]
  ignore line: [ /usr/include]
  ignore line: [End of search list.]
  ignore line: [GNU C++14 (GCC) version 9.3.0 (x86_64-pc-linux-gnu)]
  ignore line: [	compiled by GNU C version 9.3.0  GMP version 6.1.0  MPFR version 3.1.4  MPC version 1.0.3  isl version isl-0.18-GMP]
  ignore line: []
  ignore line: [GGC heuristics: --param ggc-min-expand=100 --param ggc-min-heapsize=131072]
  ignore line: [Compiler executable checksum: 608dbf8298fb9e6b2430729c8dbfac11]
  ignore line: [COLLECT_GCC_OPTIONS='-v' '-o' 'CMakeFiles/cmTC_69e34.dir/CMakeCXXCompilerABI.cpp.o' '-c' '-shared-libgcc' '-mtune=generic' '-march=x86-64']
  ignore line: [ as -v --64 -o CMakeFiles/cmTC_69e34.dir/CMakeCXXCompilerABI.cpp.o /tmp/cc5Nqigq.s]
  ignore line: [GNU assembler version 2.30 (x86_64-redhat-linux) using BFD version version 2.30-123.el8]
  ignore line: [COMPILER_PATH=/home/tool/gcc/gcc-9.3.0/libexec/gcc/x86_64-pc-linux-gnu/9.3.0/:/home/tool/gcc/gcc-9.3.0/libexec/gcc/x86_64-pc-linux-gnu/9.3.0/:/home/tool/gcc/gcc-9.3.0/libexec/gcc/x86_64-pc-linux-gnu/:/home/tool/gcc/gcc-9.3.0/lib/gcc/x86_64-pc-linux-gnu/9.3.0/:/home/tool/gcc/gcc-9.3.0/lib/gcc/x86_64-pc-linux-gnu/]
  ignore line: [LIBRARY_PATH=/home/tool/gcc/gcc-9.3.0/lib64/../lib64/:/home/tool/gcc/gcc-9.3.0/lib/../lib64/:/home/tool/ortools/install/CentOS7-gcc9/lib64/../lib64/:/home/tool/ortools/install/CentOS7-gcc9/lib/../lib64/:/home/tool/gcc/gcc-9.3.0/lib/gcc/x86_64-pc-linux-gnu/9.3.0/:/home/tool/gcc/gcc-9.3.0/lib/gcc/x86_64-pc-linux-gnu/9.3.0/../../../../lib64/:/lib/../lib64/:/usr/lib/../lib64/:/home/tool/gcc/gcc-9.3.0/lib64/:/home/tool/gcc/gcc-9.3.0/lib/:/home/tool/git/install/2.26.2/libexec/:/home/tool/klayout/install/0.27.1-c8/lib64/klayout/:/home/tool/Valgrind/Valgrind-3.12.0/lib/:/home/tool/tcl/tcl8.6.6/lib/:/home/tool/boost/boost_1_78_0/lib/:/home/tool/flex/2.6.4/lib/:/home/tool/ortools/install/CentOS7-gcc9/lib64/:/home/tool/ortools/install/CentOS7-gcc9/lib/:/home/tool/gcc/gcc-9.3.0/lib/gcc/x86_64-pc-linux-gnu/9.3.0/../../../:/lib/:/usr/lib/]
  ignore line: [COLLECT_GCC_OPTIONS='-v' '-o' 'CMakeFiles/cmTC_69e34.dir/CMakeCXXCompilerABI.cpp.o' '-c' '-shared-libgcc' '-mtune=generic' '-march=x86-64']
  ignore line: [Linking CXX executable cmTC_69e34]
  ignore line: [/home/tool/cmake/cmake-3.16.2/bin/cmake -E cmake_link_script CMakeFiles/cmTC_69e34.dir/link.txt --verbose=1]
  ignore line: [/home/tool/gcc/gcc-9.3.0/bin/x86_64-pc-linux-gnu-g++      -v CMakeFiles/cmTC_69e34.dir/CMakeCXXCompilerABI.cpp.o  -o cmTC_69e34 ]
  ignore line: [Using built-in specs.]
  ignore line: [COLLECT_GCC=/home/tool/gcc/gcc-9.3.0/bin/x86_64-pc-linux-gnu-g++]
  ignore line: [COLLECT_LTO_WRAPPER=/home/tool/gcc/gcc-9.3.0/libexec/gcc/x86_64-pc-linux-gnu/9.3.0/lto-wrapper]
  ignore line: [Target: x86_64-pc-linux-gnu]
  ignore line: [Configured with: ../gcc-9.3.0/configure --prefix=/home/tool/gcc/gcc-9.3.0]
  ignore line: [Thread model: posix]
  ignore line: [gcc version 9.3.0 (GCC) ]
  ignore line: [COMPILER_PATH=/home/tool/gcc/gcc-9.3.0/libexec/gcc/x86_64-pc-linux-gnu/9.3.0/:/home/tool/gcc/gcc-9.3.0/libexec/gcc/x86_64-pc-linux-gnu/9.3.0/:/home/tool/gcc/gcc-9.3.0/libexec/gcc/x86_64-pc-linux-gnu/:/home/tool/gcc/gcc-9.3.0/lib/gcc/x86_64-pc-linux-gnu/9.3.0/:/home/tool/gcc/gcc-9.3.0/lib/gcc/x86_64-pc-linux-gnu/]
  ignore line: [LIBRARY_PATH=/home/tool/gcc/gcc-9.3.0/lib64/../lib64/:/home/tool/gcc/gcc-9.3.0/lib/../lib64/:/home/tool/ortools/install/CentOS7-gcc9/lib64/../lib64/:/home/tool/ortools/install/CentOS7-gcc9/lib/../lib64/:/home/tool/gcc/gcc-9.3.0/lib/gcc/x86_64-pc-linux-gnu/9.3.0/:/home/tool/gcc/gcc-9.3.0/lib/gcc/x86_64-pc-linux-gnu/9.3.0/../../../../lib64/:/lib/../lib64/:/usr/lib/../lib64/:/home/tool/gcc/gcc-9.3.0/lib64/:/home/tool/gcc/gcc-9.3.0/lib/:/home/tool/git/install/2.26.2/libexec/:/home/tool/klayout/install/0.27.1-c8/lib64/klayout/:/home/tool/Valgrind/Valgrind-3.12.0/lib/:/home/tool/tcl/tcl8.6.6/lib/:/home/tool/boost/boost_1_78_0/lib/:/home/tool/flex/2.6.4/lib/:/home/tool/ortools/install/CentOS7-gcc9/lib64/:/home/tool/ortools/install/CentOS7-gcc9/lib/:/home/tool/gcc/gcc-9.3.0/lib/gcc/x86_64-pc-linux-gnu/9.3.0/../../../:/lib/:/usr/lib/]
  ignore line: [COLLECT_GCC_OPTIONS='-v' '-o' 'cmTC_69e34' '-shared-libgcc' '-mtune=generic' '-march=x86-64']
  link line: [ /home/tool/gcc/gcc-9.3.0/libexec/gcc/x86_64-pc-linux-gnu/9.3.0/collect2 -plugin /home/tool/gcc/gcc-9.3.0/libexec/gcc/x86_64-pc-linux-gnu/9.3.0/liblto_plugin.so -plugin-opt=/home/tool/gcc/gcc-9.3.0/libexec/gcc/x86_64-pc-linux-gnu/9.3.0/lto-wrapper -plugin-opt=-fresolution=/tmp/ccYx9yEg.res -plugin-opt=-pass-through=-lgcc_s -plugin-opt=-pass-through=-lgcc -plugin-opt=-pass-through=-lc -plugin-opt=-pass-through=-lgcc_s -plugin-opt=-pass-through=-lgcc --eh-frame-hdr -m elf_x86_64 -dynamic-linker /lib64/ld-linux-x86-64.so.2 -o cmTC_69e34 /lib/../lib64/crt1.o /lib/../lib64/crti.o /home/tool/gcc/gcc-9.3.0/lib/gcc/x86_64-pc-linux-gnu/9.3.0/crtbegin.o -L/home/tool/gcc/gcc-9.3.0/lib64/../lib64 -L/home/tool/gcc/gcc-9.3.0/lib/../lib64 -L/home/tool/ortools/install/CentOS7-gcc9/lib64/../lib64 -L/home/tool/ortools/install/CentOS7-gcc9/lib/../lib64 -L/home/tool/gcc/gcc-9.3.0/lib/gcc/x86_64-pc-linux-gnu/9.3.0 -L/home/tool/gcc/gcc-9.3.0/lib/gcc/x86_64-pc-linux-gnu/9.3.0/../../../../lib64 -L/lib/../lib64 -L/usr/lib/../lib64 -L/home/tool/gcc/gcc-9.3.0/lib64 -L/home/tool/gcc/gcc-9.3.0/lib -L/home/tool/git/install/2.26.2/libexec -L/home/tool/klayout/install/0.27.1-c8/lib64/klayout -L/home/tool/Valgrind/Valgrind-3.12.0/lib -L/home/tool/tcl/tcl8.6.6/lib -L/home/tool/boost/boost_1_78_0/lib -L/home/tool/flex/2.6.4/lib -L/home/tool/ortools/install/CentOS7-gcc9/lib64 -L/home/tool/ortools/install/CentOS7-gcc9/lib -L/home/tool/gcc/gcc-9.3.0/lib/gcc/x86_64-pc-linux-gnu/9.3.0/../../.. CMakeFiles/cmTC_69e34.dir/CMakeCXXCompilerABI.cpp.o -lstdc++ -lm -lgcc_s -lgcc -lc -lgcc_s -lgcc /home/tool/gcc/gcc-9.3.0/lib/gcc/x86_64-pc-linux-gnu/9.3.0/crtend.o /lib/../lib64/crtn.o]
    arg [/home/tool/gcc/gcc-9.3.0/libexec/gcc/x86_64-pc-linux-gnu/9.3.0/collect2] ==> ignore
    arg [-plugin] ==> ignore
    arg [/home/tool/gcc/gcc-9.3.0/libexec/gcc/x86_64-pc-linux-gnu/9.3.0/liblto_plugin.so] ==> ignore
    arg [-plugin-opt=/home/tool/gcc/gcc-9.3.0/libexec/gcc/x86_64-pc-linux-gnu/9.3.0/lto-wrapper] ==> ignore
    arg [-plugin-opt=-fresolution=/tmp/ccYx9yEg.res] ==> ignore
    arg [-plugin-opt=-pass-through=-lgcc_s] ==> ignore
    arg [-plugin-opt=-pass-through=-lgcc] ==> ignore
    arg [-plugin-opt=-pass-through=-lc] ==> ignore
    arg [-plugin-opt=-pass-through=-lgcc_s] ==> ignore
    arg [-plugin-opt=-pass-through=-lgcc] ==> ignore
    arg [--eh-frame-hdr] ==> ignore
    arg [-m] ==> ignore
    arg [elf_x86_64] ==> ignore
    arg [-dynamic-linker] ==> ignore
    arg [/lib64/ld-linux-x86-64.so.2] ==> ignore
    arg [-o] ==> ignore
    arg [cmTC_69e34] ==> ignore
    arg [/lib/../lib64/crt1.o] ==> ignore
    arg [/lib/../lib64/crti.o] ==> ignore
    arg [/home/tool/gcc/gcc-9.3.0/lib/gcc/x86_64-pc-linux-gnu/9.3.0/crtbegin.o] ==> ignore
    arg [-L/home/tool/gcc/gcc-9.3.0/lib64/../lib64] ==> dir [/home/tool/gcc/gcc-9.3.0/lib64/../lib64]
    arg [-L/home/tool/gcc/gcc-9.3.0/lib/../lib64] ==> dir [/home/tool/gcc/gcc-9.3.0/lib/../lib64]
    arg [-L/home/tool/ortools/install/CentOS7-gcc9/lib64/../lib64] ==> dir [/home/tool/ortools/install/CentOS7-gcc9/lib64/../lib64]
    arg [-L/home/tool/ortools/install/CentOS7-gcc9/lib/../lib64] ==> dir [/home/tool/ortools/install/CentOS7-gcc9/lib/../lib64]
    arg [-L/home/tool/gcc/gcc-9.3.0/lib/gcc/x86_64-pc-linux-gnu/9.3.0] ==> dir [/home/tool/gcc/gcc-9.3.0/lib/gcc/x86_64-pc-linux-gnu/9.3.0]
    arg [-L/home/tool/gcc/gcc-9.3.0/lib/gcc/x86_64-pc-linux-gnu/9.3.0/../../../../lib64] ==> dir [/home/tool/gcc/gcc-9.3.0/lib/gcc/x86_64-pc-linux-gnu/9.3.0/../../../../lib64]
    arg [-L/lib/../lib64] ==> dir [/lib/../lib64]
    arg [-L/usr/lib/../lib64] ==> dir [/usr/lib/../lib64]
    arg [-L/home/tool/gcc/gcc-9.3.0/lib64] ==> dir [/home/tool/gcc/gcc-9.3.0/lib64]
    arg [-L/home/tool/gcc/gcc-9.3.0/lib] ==> dir [/home/tool/gcc/gcc-9.3.0/lib]
    arg [-L/home/tool/git/install/2.26.2/libexec] ==> dir [/home/tool/git/install/2.26.2/libexec]
    arg [-L/home/tool/klayout/install/0.27.1-c8/lib64/klayout] ==> dir [/home/tool/klayout/install/0.27.1-c8/lib64/klayout]
    arg [-L/home/tool/Valgrind/Valgrind-3.12.0/lib] ==> dir [/home/tool/Valgrind/Valgrind-3.12.0/lib]
    arg [-L/home/tool/tcl/tcl8.6.6/lib] ==> dir [/home/tool/tcl/tcl8.6.6/lib]
    arg [-L/home/tool/boost/boost_1_78_0/lib] ==> dir [/home/tool/boost/boost_1_78_0/lib]
    arg [-L/home/tool/flex/2.6.4/lib] ==> dir [/home/tool/flex/2.6.4/lib]
    arg [-L/home/tool/ortools/install/CentOS7-gcc9/lib64] ==> dir [/home/tool/ortools/install/CentOS7-gcc9/lib64]
    arg [-L/home/tool/ortools/install/CentOS7-gcc9/lib] ==> dir [/home/tool/ortools/install/CentOS7-gcc9/lib]
    arg [-L/home/tool/gcc/gcc-9.3.0/lib/gcc/x86_64-pc-linux-gnu/9.3.0/../../..] ==> dir [/home/tool/gcc/gcc-9.3.0/lib/gcc/x86_64-pc-linux-gnu/9.3.0/../../..]
    arg [CMakeFiles/cmTC_69e34.dir/CMakeCXXCompilerABI.cpp.o] ==> ignore
    arg [-lstdc++] ==> lib [stdc++]
    arg [-lm] ==> lib [m]
    arg [-lgcc_s] ==> lib [gcc_s]
    arg [-lgcc] ==> lib [gcc]
    arg [-lc] ==> lib [c]
    arg [-lgcc_s] ==> lib [gcc_s]
    arg [-lgcc] ==> lib [gcc]
    arg [/home/tool/gcc/gcc-9.3.0/lib/gcc/x86_64-pc-linux-gnu/9.3.0/crtend.o] ==> ignore
    arg [/lib/../lib64/crtn.o] ==> ignore
  collapse library dir [/home/tool/gcc/gcc-9.3.0/lib64/../lib64] ==> [/home/tool/gcc/gcc-9.3.0/lib64]
  collapse library dir [/home/tool/gcc/gcc-9.3.0/lib/../lib64] ==> [/home/tool/gcc/gcc-9.3.0/lib64]
  collapse library dir [/home/tool/ortools/install/CentOS7-gcc9/lib64/../lib64] ==> [/home/tool/ortools/install/CentOS7-gcc9/lib64]
  collapse library dir [/home/tool/ortools/install/CentOS7-gcc9/lib/../lib64] ==> [/home/tool/ortools/install/CentOS7-gcc9/lib64]
  collapse library dir [/home/tool/gcc/gcc-9.3.0/lib/gcc/x86_64-pc-linux-gnu/9.3.0] ==> [/home/tool/gcc/gcc-9.3.0/lib/gcc/x86_64-pc-linux-gnu/9.3.0]
  collapse library dir [/home/tool/gcc/gcc-9.3.0/lib/gcc/x86_64-pc-linux-gnu/9.3.0/../../../../lib64] ==> [/home/tool/gcc/gcc-9.3.0/lib64]
  collapse library dir [/lib/../lib64] ==> [/lib64]
  collapse library dir [/usr/lib/../lib64] ==> [/usr/lib64]
  collapse library dir [/home/tool/gcc/gcc-9.3.0/lib64] ==> [/home/tool/gcc/gcc-9.3.0/lib64]
  collapse library dir [/home/tool/gcc/gcc-9.3.0/lib] ==> [/home/tool/gcc/gcc-9.3.0/lib]
  collapse library dir [/home/tool/git/install/2.26.2/libexec] ==> [/home/tool/git/install/2.26.2/libexec]
  collapse library dir [/home/tool/klayout/install/0.27.1-c8/lib64/klayout] ==> [/home/tool/klayout/install/0.27.1-c8/lib64/klayout]
  collapse library dir [/home/tool/Valgrind/Valgrind-3.12.0/lib] ==> [/home/tool/Valgrind/Valgrind-3.12.0/lib]
  collapse library dir [/home/tool/tcl/tcl8.6.6/lib] ==> [/home/tool/tcl/tcl8.6.6/lib]
  collapse library dir [/home/tool/boost/boost_1_78_0/lib] ==> [/home/tool/boost/boost_1_78_0/lib]
  collapse library dir [/home/tool/flex/2.6.4/lib] ==> [/home/tool/flex/2.6.4/lib]
  collapse library dir [/home/tool/ortools/install/CentOS7-gcc9/lib64] ==> [/home/tool/ortools/install/CentOS7-gcc9/lib64]
  collapse library dir [/home/tool/ortools/install/CentOS7-gcc9/lib] ==> [/home/tool/ortools/install/CentOS7-gcc9/lib]
  collapse library dir [/home/tool/gcc/gcc-9.3.0/lib/gcc/x86_64-pc-linux-gnu/9.3.0/../../..] ==> [/home/tool/gcc/gcc-9.3.0/lib]
  implicit libs: [stdc++;m;gcc_s;gcc;c;gcc_s;gcc]
  implicit dirs: [/home/tool/gcc/gcc-9.3.0/lib64;/home/tool/ortools/install/CentOS7-gcc9/lib64;/home/tool/gcc/gcc-9.3.0/lib/gcc/x86_64-pc-linux-gnu/9.3.0;/lib64;/usr/lib64;/home/tool/gcc/gcc-9.3.0/lib;/home/tool/git/install/2.26.2/libexec;/home/tool/klayout/install/0.27.1-c8/lib64/klayout;/home/tool/Valgrind/Valgrind-3.12.0/lib;/home/tool/tcl/tcl8.6.6/lib;/home/tool/boost/boost_1_78_0/lib;/home/tool/flex/2.6.4/lib;/home/tool/ortools/install/CentOS7-gcc9/lib]
  implicit fwks: []


Determining if the include file pthread.h exists passed with the following output:
Change Dir: /home/fetzfs_projects/OpenROAD/chiplet/ChipletPart-FP/build/CMakeFiles/CMakeTmp

Run Build Command(s):/usr/bin/gmake cmTC_bcf96/fast && /usr/bin/gmake -f CMakeFiles/cmTC_bcf96.dir/build.make CMakeFiles/cmTC_bcf96.dir/build
gmake[1]: Entering directory '/home/fetzfs_projects/OpenROAD/chiplet/ChipletPart-FP/build/CMakeFiles/CMakeTmp'
Building C object CMakeFiles/cmTC_bcf96.dir/CheckIncludeFile.c.o
/home/tool/gcc/gcc-9.3.0/bin/x86_64-pc-linux-gnu-gcc    -o CMakeFiles/cmTC_bcf96.dir/CheckIncludeFile.c.o   -c /home/fetzfs_projects/OpenROAD/chiplet/ChipletPart-FP/build/CMakeFiles/CMakeTmp/CheckIncludeFile.c
Linking C executable cmTC_bcf96
/home/tool/cmake/cmake-3.16.2/bin/cmake -E cmake_link_script CMakeFiles/cmTC_bcf96.dir/link.txt --verbose=1
/home/tool/gcc/gcc-9.3.0/bin/x86_64-pc-linux-gnu-gcc      CMakeFiles/cmTC_bcf96.dir/CheckIncludeFile.c.o  -o cmTC_bcf96 
gmake[1]: Leaving directory '/home/fetzfs_projects/OpenROAD/chiplet/ChipletPart-FP/build/CMakeFiles/CMakeTmp'



Determining if the function pthread_create exists in the pthread passed with the following output:
Change Dir: /home/fetzfs_projects/OpenROAD/chiplet/ChipletPart-FP/build/CMakeFiles/CMakeTmp

Run Build Command(s):/usr/bin/gmake cmTC_edbfd/fast && /usr/bin/gmake -f CMakeFiles/cmTC_edbfd.dir/build.make CMakeFiles/cmTC_edbfd.dir/build
gmake[1]: Entering directory '/home/fetzfs_projects/OpenROAD/chiplet/ChipletPart-FP/build/CMakeFiles/CMakeTmp'
Building C object CMakeFiles/cmTC_edbfd.dir/CheckFunctionExists.c.o
/home/tool/gcc/gcc-9.3.0/bin/x86_64-pc-linux-gnu-gcc   -DCHECK_FUNCTION_EXISTS=pthread_create   -o CMakeFiles/cmTC_edbfd.dir/CheckFunctionExists.c.o   -c /home/tool/cmake/cmake-3.16.2/share/cmake-3.16/Modules/CheckFunctionExists.c
Linking C executable cmTC_edbfd
/home/tool/cmake/cmake-3.16.2/bin/cmake -E cmake_link_script CMakeFiles/cmTC_edbfd.dir/link.txt --verbose=1
/home/tool/gcc/gcc-9.3.0/bin/x86_64-pc-linux-gnu-gcc  -DCHECK_FUNCTION_EXISTS=pthread_create    CMakeFiles/cmTC_edbfd.dir/CheckFunctionExists.c.o  -o cmTC_edbfd  -lpthread 
gmake[1]: Leaving directory '/home/fetzfs_projects/OpenROAD/chiplet/ChipletPart-FP/build/CMakeFiles/CMakeTmp'



