Performing C SOURCE FILE Test CMAKE_HAVE_LIBC_PTHREAD failed with the following output:
Change Dir: /home/fetzfs_projects/OpenROAD/chiplet/ChipletPart-FP/build/CMakeFiles/CMakeTmp

Run Build Command(s):/usr/bin/gmake cmTC_46339/fast && /usr/bin/gmake -f CMakeFiles/cmTC_46339.dir/build.make CMakeFiles/cmTC_46339.dir/build
gmake[1]: Entering directory `/home/fetzfs_projects/OpenROAD/chiplet/ChipletPart-FP/build/CMakeFiles/CMakeTmp'
Building C object CMakeFiles/cmTC_46339.dir/src.c.o
/home/tool/gcc/gcc-9.3.0/bin/x86_64-pc-linux-gnu-gcc   -DCMAKE_HAVE_LIBC_PTHREAD   -o CMakeFiles/cmTC_46339.dir/src.c.o   -c /home/fetzfs_projects/OpenROAD/chiplet/ChipletPart-FP/build/CMakeFiles/CMakeTmp/src.c
Linking C executable cmTC_46339
/home/tool/cmake/cmake-3.16.2/bin/cmake -E cmake_link_script CMakeFiles/cmTC_46339.dir/link.txt --verbose=1
/home/tool/gcc/gcc-9.3.0/bin/x86_64-pc-linux-gnu-gcc  -DCMAKE_HAVE_LIBC_PTHREAD    CMakeFiles/cmTC_46339.dir/src.c.o  -o cmTC_46339 
CMakeFiles/cmTC_46339.dir/src.c.o: In function `main':
src.c:(.text+0x2d): undefined reference to `pthread_create'
src.c:(.text+0x39): undefined reference to `pthread_detach'
src.c:(.text+0x4a): undefined reference to `pthread_join'
src.c:(.text+0x5e): undefined reference to `pthread_atfork'
collect2: error: ld returned 1 exit status
gmake[1]: *** [cmTC_46339] Error 1
gmake[1]: Leaving directory `/home/fetzfs_projects/OpenROAD/chiplet/ChipletPart-FP/build/CMakeFiles/CMakeTmp'
gmake: *** [cmTC_46339/fast] Error 2


Source file was:
#include <pthread.h>

void* test_func(void* data)
{
  return data;
}

int main(void)
{
  pthread_t thread;
  pthread_create(&thread, NULL, test_func, NULL);
  pthread_detach(thread);
  pthread_join(thread, NULL);
  pthread_atfork(NULL, NULL, NULL);
  pthread_exit(NULL);

  return 0;
}

Determining if the function pthread_create exists in the pthreads failed with the following output:
Change Dir: /home/fetzfs_projects/OpenROAD/chiplet/ChipletPart-FP/build/CMakeFiles/CMakeTmp

Run Build Command(s):/usr/bin/gmake cmTC_1e46c/fast && /usr/bin/gmake -f CMakeFiles/cmTC_1e46c.dir/build.make CMakeFiles/cmTC_1e46c.dir/build
gmake[1]: Entering directory `/home/fetzfs_projects/OpenROAD/chiplet/ChipletPart-FP/build/CMakeFiles/CMakeTmp'
Building C object CMakeFiles/cmTC_1e46c.dir/CheckFunctionExists.c.o
/home/tool/gcc/gcc-9.3.0/bin/x86_64-pc-linux-gnu-gcc   -DCHECK_FUNCTION_EXISTS=pthread_create   -o CMakeFiles/cmTC_1e46c.dir/CheckFunctionExists.c.o   -c /home/tool/cmake/cmake-3.16.2/share/cmake-3.16/Modules/CheckFunctionExists.c
Linking C executable cmTC_1e46c
/home/tool/cmake/cmake-3.16.2/bin/cmake -E cmake_link_script CMakeFiles/cmTC_1e46c.dir/link.txt --verbose=1
/home/tool/gcc/gcc-9.3.0/bin/x86_64-pc-linux-gnu-gcc  -DCHECK_FUNCTION_EXISTS=pthread_create    CMakeFiles/cmTC_1e46c.dir/CheckFunctionExists.c.o  -o cmTC_1e46c  -lpthreads 
/usr/bin/ld: cannot find -lpthreads
collect2: error: ld returned 1 exit status
gmake[1]: *** [cmTC_1e46c] Error 1
gmake[1]: Leaving directory `/home/fetzfs_projects/OpenROAD/chiplet/ChipletPart-FP/build/CMakeFiles/CMakeTmp'
gmake: *** [cmTC_1e46c/fast] Error 2



